<?xml version="1.0" encoding="UTF-8"?>
<!-- Generated by org.testng.reporters.JUnitReportReporter -->
<testsuite skipped="0" hostname="WINUN255005-0S7" name="com.teradata.tests.ValidLoginLogout" tests="1" failures="0" timestamp="19 Apr 2018 12:33:44 GMT" time="6.038" errors="0">
  <testcase name="testLoginLogout" time="6.038" classname="com.teradata.tests.ValidLoginLogout"/>
</testsuite> <!-- com.teradata.tests.ValidLoginLogout -->
